chatcore/build/outputs/logs/manifest-merger-release-report.txt
-- Merging decision tree log ---
manifest
ADDED from src/main/AndroidManifest.xml:2:1-58:12
INJECTED from src/main/AndroidManifest.xml:2:1-58:12
INJECTED from src/main/AndroidManifest.xml:2:1-58:12
INJECTED from src/main/AndroidManifest.xml:2:1-58:12
INJECTED from src/main/AndroidManifest.xml:2:1-58:12
INJECTED from src/main/AndroidManifest.xml:2:1-58:12
INJECTED from src/main/AndroidManifest.xml:2:1-58:12
	package
		ADDED from src/main/AndroidManifest.xml:3:11-36
		INJECTED from src/main/AndroidManifest.xml
		INJECTED from src/main/AndroidManifest.xml
	android:versionName
		INJECTED from src/main/AndroidManifest.xml
		ADDED from src/main/AndroidManifest.xml:2:1-58:12
		INJECTED from src/main/AndroidManifest.xml
	android:versionCode
		INJECTED from src/main/AndroidManifest.xml
		ADDED from src/main/AndroidManifest.xml:2:1-58:12
		INJECTED from src/main/AndroidManifest.xml
	xmlns:android
		ADDED from src/main/AndroidManifest.xml:2:11-69
uses-permission#android.permission.BLUETOOTH
ADDED from src/main/AndroidManifest.xml:5:5-68
	android:name
		ADDED from src/main/AndroidManifest.xml:5:22-65
uses-permission#android.permission.BLUETOOTH_ADMIN
ADDED from src/main/AndroidManifest.xml:6:5-74
	android:name
		ADDED from src/main/AndroidManifest.xml:6:22-71
uses-permission#android.permission.CALL_PHONE
ADDED from src/main/AndroidManifest.xml:7:5-68
	android:name
		ADDED from src/main/AndroidManifest.xml:7:22-66
application
ADDED from src/main/AndroidManifest.xml:8:5-56:19
	android:supportsRtl
		ADDED from src/main/AndroidManifest.xml:12:9-35
	android:label
		ADDED from src/main/AndroidManifest.xml:10:9-41
	android:persistent
		ADDED from src/main/AndroidManifest.xml:11:9-34
	android:allowBackup
		ADDED from src/main/AndroidManifest.xml:9:9-35
activity#com.alipay.sdk.app.H5PayActivity
ADDED from src/main/AndroidManifest.xml:17:9-23:20
	android:screenOrientation
		ADDED from src/main/AndroidManifest.xml:21:13-47
	android:windowSoftInputMode
		ADDED from src/main/AndroidManifest.xml:22:13-67
	android:exported
		ADDED from src/main/AndroidManifest.xml:20:13-37
	android:configChanges
		ADDED from src/main/AndroidManifest.xml:19:13-85
	android:name
		ADDED from src/main/AndroidManifest.xml:18:13-60
activity#com.alipay.sdk.app.H5AuthActivity
ADDED from src/main/AndroidManifest.xml:24:9-30:20
	android:screenOrientation
		ADDED from src/main/AndroidManifest.xml:28:13-47
	android:windowSoftInputMode
		ADDED from src/main/AndroidManifest.xml:29:13-67
	android:exported
		ADDED from src/main/AndroidManifest.xml:27:13-37
	android:configChanges
		ADDED from src/main/AndroidManifest.xml:26:13-74
	android:name
		ADDED from src/main/AndroidManifest.xml:25:13-61
activity#cn.lds.chatcore.view.BaseActivity
ADDED from src/main/AndroidManifest.xml:33:9-35:68
	android:label
		ADDED from src/main/AndroidManifest.xml:35:13-56
	android:name
		ADDED from src/main/AndroidManifest.xml:34:13-61
activity#cn.lds.chatcore.view.CameraActivity
ADDED from src/main/AndroidManifest.xml:36:9-39:61
	android:screenOrientation
		ADDED from src/main/AndroidManifest.xml:39:13-49
	android:label
		ADDED from src/main/AndroidManifest.xml:38:13-56
	android:name
		ADDED from src/main/AndroidManifest.xml:37:13-63
activity#cn.lds.chatcore.view.BNDemoGuideActivity
ADDED from src/main/AndroidManifest.xml:40:9-43:60
	android:label
		ADDED from src/main/AndroidManifest.xml:43:13-48
	android:configChanges
		ADDED from src/main/AndroidManifest.xml:42:13-83
	android:name
		ADDED from src/main/AndroidManifest.xml:41:13-68
service#cn.lds.chatcore.imtp.ImtpService
ADDED from src/main/AndroidManifest.xml:45:9-76
	android:name
		ADDED from src/main/AndroidManifest.xml:45:18-65
service#cn.lds.chatcore.imtp.GuardService
ADDED from src/main/AndroidManifest.xml:47:9-69
	android:name
		ADDED from src/main/AndroidManifest.xml:47:18-66
receiver#cn.lds.chatcore.receiver.RebootServiceReceiver
ADDED from src/main/AndroidManifest.xml:49:9-55:20
	android:exported
		ADDED from src/main/AndroidManifest.xml:51:13-37
	android:name
		ADDED from src/main/AndroidManifest.xml:50:13-74
intent-filter#cn.lds.chat.rebootservice
ADDED from src/main/AndroidManifest.xml:52:13-54:29
action#cn.lds.chat.rebootservice
ADDED from src/main/AndroidManifest.xml:53:17-68
	android:name
		ADDED from src/main/AndroidManifest.xml:53:25-65
uses-sdk
INJECTED from src/main/AndroidManifest.xml reason: use-sdk injection requested
INJECTED from src/main/AndroidManifest.xml
INJECTED from src/main/AndroidManifest.xml
INJECTED from src/main/AndroidManifest.xml
INJECTED from src/main/AndroidManifest.xml
	android:targetSdkVersion
		INJECTED from src/main/AndroidManifest.xml
		ADDED from src/main/AndroidManifest.xml
		INJECTED from src/main/AndroidManifest.xml
	android:minSdkVersion
		INJECTED from src/main/AndroidManifest.xml
		ADDED from src/main/AndroidManifest.xml
		INJECTED from src/main/AndroidManifest.xml